  [1m[36m (22.7ms)[0m  [1mCREATE TABLE "schema_migrations" ("version" character varying(255) NOT NULL) [0m
  [1m[35m (3.7ms)[0m  CREATE UNIQUE INDEX  "unique_schema_migrations" ON "schema_migrations"  ("version")
  [1m[36mActiveRecord::SchemaMigration Load (0.5ms)[0m  [1mSELECT "schema_migrations".* FROM "schema_migrations"[0m
Migrating to CreateUsers (20140823043043)
  [1m[35m (0.2ms)[0m  BEGIN
  [1m[36m (54.2ms)[0m  [1mCREATE TABLE "users" ("id" serial primary key, "email" character varying(255), "first_name" character varying(255), "last_name" character varying(255), "image_url" text, "created_at" timestamp, "updated_at" timestamp) [0m
  [1m[35mSQL (0.6ms)[0m  INSERT INTO "schema_migrations" ("version") VALUES ($1)  [["version", "20140823043043"]]
  [1m[36m (0.4ms)[0m  [1mCOMMIT[0m
Migrating to CreatePages (20140823043051)
  [1m[35m (0.3ms)[0m  BEGIN
  [1m[36m (6.4ms)[0m  [1mCREATE TABLE "pages" ("id" serial primary key, "name" character varying(255), "content" text, "user_id" integer, "created_at" timestamp, "updated_at" timestamp) [0m
  [1m[35mSQL (0.4ms)[0m  INSERT INTO "schema_migrations" ("version") VALUES ($1)  [["version", "20140823043051"]]
  [1m[36m (0.7ms)[0m  [1mCOMMIT[0m
Migrating to CreatePosts (20140823043059)
  [1m[35m (0.2ms)[0m  BEGIN
  [1m[36m (4.1ms)[0m  [1mCREATE TABLE "posts" ("id" serial primary key, "title" character varying(255), "body" text, "user_id" integer, "created_at" timestamp, "updated_at" timestamp) [0m
  [1m[35mSQL (0.2ms)[0m  INSERT INTO "schema_migrations" ("version") VALUES ($1)  [["version", "20140823043059"]]
  [1m[36m (2.1ms)[0m  [1mCOMMIT[0m
Migrating to CreateComments (20140823043113)
  [1m[35m (0.2ms)[0m  BEGIN
  [1m[36m (4.3ms)[0m  [1mCREATE TABLE "comments" ("id" serial primary key, "content" character varying(255), "commentable_id" integer, "commentable_type" character varying(255), "created_at" timestamp, "updated_at" timestamp) [0m
  [1m[35mSQL (0.2ms)[0m  INSERT INTO "schema_migrations" ("version") VALUES ($1)  [["version", "20140823043113"]]
  [1m[36m (0.5ms)[0m  [1mCOMMIT[0m
Migrating to CreateTags (20140823043121)
  [1m[35m (0.2ms)[0m  BEGIN
  [1m[36m (2.7ms)[0m  [1mCREATE TABLE "tags" ("id" serial primary key, "name" character varying(255), "created_at" timestamp, "updated_at" timestamp) [0m
  [1m[35mSQL (0.2ms)[0m  INSERT INTO "schema_migrations" ("version") VALUES ($1)  [["version", "20140823043121"]]
  [1m[36m (0.5ms)[0m  [1mCOMMIT[0m
Migrating to CreateEntries (20140823043146)
  [1m[35m (0.2ms)[0m  BEGIN
  [1m[36m (4.5ms)[0m  [1mCREATE TABLE "entries" ("id" serial primary key, "post_id" integer, "tag_id" integer, "created_at" timestamp, "updated_at" timestamp) [0m
  [1m[35mSQL (0.2ms)[0m  INSERT INTO "schema_migrations" ("version") VALUES ($1)  [["version", "20140823043146"]]
  [1m[36m (0.5ms)[0m  [1mCOMMIT[0m
  [1m[35mActiveRecord::SchemaMigration Load (0.3ms)[0m  SELECT "schema_migrations".* FROM "schema_migrations"
  [1m[36m (0.2ms)[0m  [1mBEGIN[0m
  [1m[35mSQL (1.6ms)[0m  INSERT INTO "posts" ("created_at", "title", "updated_at") VALUES ($1, $2, $3) RETURNING "id"  [["created_at", "2014-08-23 19:27:30.953333"], ["title", "First Post"], ["updated_at", "2014-08-23 19:27:30.953333"]]
  [1m[36m (0.6ms)[0m  [1mCOMMIT[0m
  [1m[35m (0.1ms)[0m  BEGIN
  [1m[36mSQL (0.6ms)[0m  [1mINSERT INTO "users" ("created_at", "first_name", "updated_at") VALUES ($1, $2, $3) RETURNING "id"[0m  [["created_at", "2014-08-23 19:28:08.158241"], ["first_name", "Cameron"], ["updated_at", "2014-08-23 19:28:08.158241"]]
  [1m[35m (0.9ms)[0m  COMMIT
  [1m[36mActiveRecord::SchemaMigration Load (0.5ms)[0m  [1mSELECT "schema_migrations".* FROM "schema_migrations"[0m
  [1m[35mActiveRecord::SchemaMigration Load (0.2ms)[0m  SELECT "schema_migrations".* FROM "schema_migrations"
  [1m[36m (0.3ms)[0m  [1mBEGIN[0m
  [1m[35mSQL (1.1ms)[0m  INSERT INTO "users" ("created_at", "first_name", "updated_at") VALUES ($1, $2, $3) RETURNING "id"  [["created_at", "2014-08-23 19:30:40.496614"], ["first_name", "Cameron"], ["updated_at", "2014-08-23 19:30:40.496614"]]
  [1m[36m (0.7ms)[0m  [1mCOMMIT[0m
  [1m[35mPost Load (0.4ms)[0m  SELECT "posts".* FROM "posts"  WHERE "posts"."user_id" = $1  [["user_id", 2]]
  [1m[36m (0.2ms)[0m  [1mBEGIN[0m
  [1m[35mSQL (0.4ms)[0m  INSERT INTO "posts" ("created_at", "title", "updated_at", "user_id") VALUES ($1, $2, $3, $4) RETURNING "id"  [["created_at", "2014-08-23 19:31:04.790087"], ["title", "Post 1"], ["updated_at", "2014-08-23 19:31:04.790087"], ["user_id", 2]]
  [1m[36m (0.4ms)[0m  [1mCOMMIT[0m
  [1m[35m (0.2ms)[0m  BEGIN
  [1m[36mSQL (0.7ms)[0m  [1mDELETE FROM "users" WHERE "users"."id" = $1[0m  [["id", 2]]
  [1m[35m (0.5ms)[0m  COMMIT
